     1                                  bits 32 ; assembling for the 32 bits architecture
     2                                  
     3                                  ; declare the EntryPoint (a label defining the very first instruction of the program)
     4                                  global start        
     5                                  
     6                                  ; declare external functions needed by our program
     7                                  extern exit               ; tell nasm that exit exists even if we won't be defining it
     8                                  import exit msvcrt.dll    ; exit is a function that ends the calling process. It is defined in msvcrt.dll
     9                                                            ; msvcrt.dll contains exit, printf and all the other important C-runtime specific functions
    10                                  
    11                                  ; our data is declared here (the variables needed by our program)
    12                                  segment data use32 class=data
    13 00000000 04                          v db 4;
    14                                  
    15 00000001 4353                        x dw 5343h;
    16                                  
    17 00000003 3322                        c dw 2233h
    18                                  
    19                                  ; our code starts here
    20                                  segment code use32 class=code
    21                                      start:
    22 00000000 6683C005                        add ax, 5;
    23                                          add v, byte 5
    23          ******************       error: invalid combination of opcode and operands
    24 00000004 8005[00000000]05                add [v], byte 5;
    25 0000000B A0[00000000]                    mov al, [v]
    26                                      
    27                                          ; exit(0)
    28 00000010 6A00                            push    dword 0      ; push the parameter for exit onto the stack
    29 00000012 FF15[00000000]                  call    [exit]       ; call exit to terminate the program
